Flow report for aca_nios_intro
Fri Jul 11 15:58:30 2014
Quartus II 32-bit Version 12.1 Build 177 11/07/2012 SJ Web Edition


---------------------
; Table of Contents ;
---------------------
  1. Legal Notice
  2. Flow Summary
  3. Flow Settings
  4. Flow Non-Default Global Settings
  5. Flow Elapsed Time
  6. Flow OS Summary
  7. Flow Log



----------------
; Legal Notice ;
----------------
Copyright (C) 1991-2012 Altera Corporation
Your use of Altera Corporation's design tools, logic functions 
and other software and tools, and its AMPP partner logic 
functions, and any output files from any of the foregoing 
(including device programming or simulation files), and any 
associated documentation or information are expressly subject 
to the terms and conditions of the Altera Program License 
Subscription Agreement, Altera MegaCore Function License 
Agreement, or other applicable license agreement, including, 
without limitation, that your use is for the sole purpose of 
programming logic devices manufactured by Altera and sold by 
Altera or its authorized distributors.  Please refer to the 
applicable agreement for further details.



+-------------------------------------------------------------------------------+
; Flow Summary                                                                  ;
+------------------------------------+------------------------------------------+
; Flow Status                        ; Successful - Fri Jul 11 15:58:30 2014    ;
; Quartus II 32-bit Version          ; 12.1 Build 177 11/07/2012 SJ Web Edition ;
; Revision Name                      ; aca_nios_intro                           ;
; Top-level Entity Name              ; nios_sys                                 ;
; Family                             ; Cyclone II                               ;
; Device                             ; EP2C20F484C8                             ;
; Timing Models                      ; Final                                    ;
; Total logic elements               ; 10,132 / 18,752 ( 54 % )                 ;
;     Total combinational functions  ; 8,301 / 18,752 ( 44 % )                  ;
;     Dedicated logic registers      ; 6,263 / 18,752 ( 33 % )                  ;
; Total registers                    ; 6381                                     ;
; Total pins                         ; 95 / 315 ( 30 % )                        ;
; Total virtual pins                 ; 0                                        ;
; Total memory bits                  ; 148,480 / 239,616 ( 62 % )               ;
; Embedded Multiplier 9-bit elements ; 8 / 52 ( 15 % )                          ;
; Total PLLs                         ; 2 / 4 ( 50 % )                           ;
+------------------------------------+------------------------------------------+


+-----------------------------------------+
; Flow Settings                           ;
+-------------------+---------------------+
; Option            ; Setting             ;
+-------------------+---------------------+
; Start date & time ; 07/10/2014 21:52:53 ;
; Main task         ; Compilation         ;
; Revision Name     ; aca_nios_intro      ;
+-------------------+---------------------+


+-------------------------------------------------------------------------------------------------------------------------------------------+
; Flow Non-Default Global Settings                                                                                                          ;
+---------------------------------------------------+---------------------------------------+----------------+-------------+----------------+
; Assignment Name                                   ; Value                                 ; Default Value  ; Entity Name ; Section Id     ;
+---------------------------------------------------+---------------------------------------+----------------+-------------+----------------+
; COMPILER_SIGNATURE_ID                             ; 201055096312831.140502197209908       ; --             ; --          ; --             ;
; CYCLONEII_OPTIMIZATION_TECHNIQUE                  ; Speed                                 ; Balanced       ; --          ; --             ;
; EDA_OUTPUT_DATA_FORMAT                            ; Vhdl                                  ; --             ; --          ; eda_simulation ;
; EDA_SIMULATION_TOOL                               ; ModelSim-Altera (VHDL)                ; <None>         ; --          ; --             ;
; ENABLE_SIGNALTAP                                  ; Off                                   ; --             ; --          ; --             ;
; FITTER_EFFORT                                     ; Standard Fit                          ; Auto Fit       ; --          ; --             ;
; MAX_CORE_JUNCTION_TEMP                            ; 85                                    ; --             ; --          ; --             ;
; MIN_CORE_JUNCTION_TEMP                            ; 0                                     ; --             ; --          ; --             ;
; PARTITION_COLOR                                   ; 16764057                              ; --             ; nios_sys    ; Top            ;
; PARTITION_FITTER_PRESERVATION_LEVEL               ; PLACEMENT_AND_ROUTING                 ; --             ; nios_sys    ; Top            ;
; PARTITION_NETLIST_TYPE                            ; SOURCE                                ; --             ; nios_sys    ; Top            ;
; PHYSICAL_SYNTHESIS_ASYNCHRONOUS_SIGNAL_PIPELINING ; On                                    ; Off            ; --          ; --             ;
; PHYSICAL_SYNTHESIS_COMBO_LOGIC_FOR_AREA           ; On                                    ; Off            ; --          ; --             ;
; PHYSICAL_SYNTHESIS_REGISTER_DUPLICATION           ; On                                    ; Off            ; --          ; --             ;
; POWER_BOARD_THERMAL_MODEL                         ; None (CONSERVATIVE)                   ; --             ; --          ; --             ;
; POWER_PRESET_COOLING_SOLUTION                     ; 23 MM HEAT SINK WITH 200 LFPM AIRFLOW ; --             ; --          ; --             ;
; SEARCH_PATH                                       ; software/aca_hello/mem_init/          ; --             ; --          ; --             ;
; SYNTH_TIMING_DRIVEN_SYNTHESIS                     ; On                                    ; Off            ; --          ; --             ;
; TOP_LEVEL_ENTITY                                  ; nios_sys                              ; aca_nios_intro ; --          ; --             ;
; USE_SIGNALTAP_FILE                                ; stp1.stp                              ; --             ; --          ; --             ;
+---------------------------------------------------+---------------------------------------+----------------+-------------+----------------+


+-------------------------------------------------------------------------------------------------------------------------------+
; Flow Elapsed Time                                                                                                             ;
+---------------------------+--------------+-------------------------+---------------------+------------------------------------+
; Module Name               ; Elapsed Time ; Average Processors Used ; Peak Virtual Memory ; Total CPU Time (on all processors) ;
+---------------------------+--------------+-------------------------+---------------------+------------------------------------+
; Analysis & Synthesis      ; 00:01:13     ; 1.0                     ; 642 MB              ; 00:01:13                           ;
; Fitter                    ; 00:02:20     ; 2.3                     ; 627 MB              ; 00:03:19                           ;
; Assembler                 ; 00:00:02     ; 1.0                     ; 372 MB              ; 00:00:03                           ;
; TimeQuest Timing Analyzer ; 00:00:05     ; 1.3                     ; 451 MB              ; 00:00:06                           ;
; EDA Netlist Writer        ; 00:00:08     ; 1.0                     ; 413 MB              ; 00:00:08                           ;
; MIF/HEX Update            ; 00:00:02     ; 1.0                     ; 382 MB              ; 00:00:02                           ;
; Assembler                 ; 00:00:04     ; 1.0                     ; 384 MB              ; 00:00:03                           ;
; MIF/HEX Update            ; 00:00:03     ; 1.0                     ; 386 MB              ; 00:00:02                           ;
; Assembler                 ; 00:00:03     ; 1.0                     ; 388 MB              ; 00:00:03                           ;
; Total                     ; 00:04:00     ; --                      ; --                  ; 00:04:59                           ;
+---------------------------+--------------+-------------------------+---------------------+------------------------------------+


+----------------------------------------------------------------------------------------+
; Flow OS Summary                                                                        ;
+---------------------------+------------------+-----------+------------+----------------+
; Module Name               ; Machine Hostname ; OS Name   ; OS Version ; Processor type ;
+---------------------------+------------------+-----------+------------+----------------+
; Analysis & Synthesis      ; Anonimous-PC     ; Windows 7 ; 6.1        ; x86_64         ;
; Fitter                    ; Anonimous-PC     ; Windows 7 ; 6.1        ; x86_64         ;
; Assembler                 ; Anonimous-PC     ; Windows 7 ; 6.1        ; x86_64         ;
; TimeQuest Timing Analyzer ; Anonimous-PC     ; Windows 7 ; 6.1        ; x86_64         ;
; EDA Netlist Writer        ; Anonimous-PC     ; Windows 7 ; 6.1        ; x86_64         ;
; MIF/HEX Update            ; Anonimous-PC     ; Windows 7 ; 6.1        ; x86_64         ;
; Assembler                 ; Anonimous-PC     ; Windows 7 ; 6.1        ; x86_64         ;
; MIF/HEX Update            ; Anonimous-PC     ; Windows 7 ; 6.1        ; x86_64         ;
; Assembler                 ; Anonimous-PC     ; Windows 7 ; 6.1        ; x86_64         ;
+---------------------------+------------------+-----------+------------+----------------+


------------
; Flow Log ;
------------
quartus_map --read_settings_files=on --write_settings_files=off knn_acc -c aca_nios_intro
quartus_fit --read_settings_files=off --write_settings_files=off knn_acc -c aca_nios_intro
quartus_asm --read_settings_files=off --write_settings_files=off knn_acc -c aca_nios_intro
quartus_sta knn_acc -c aca_nios_intro
quartus_eda --read_settings_files=off --write_settings_files=off knn_acc -c aca_nios_intro
quartus_cdb knn_acc -c aca_nios_intro --update_mif
quartus_asm --read_settings_files=on --write_settings_files=off knn_acc -c aca_nios_intro
quartus_cdb knn_acc -c aca_nios_intro --update_mif
quartus_asm --read_settings_files=on --write_settings_files=off knn_acc -c aca_nios_intro



