
**** Build of configuration Nios II for project prova ****

make all 
makefile:735: warning: overriding commands for target `obj/.metadata/.plugins/org.eclipse.cdt.make.core/specs.o'
makefile:732: warning: ignoring old commands for target `obj/.metadata/.plugins/org.eclipse.cdt.make.core/specs.o'
Info: Building ../aca_hello_bsp/
make --no-print-directory -C ../aca_hello_bsp/
[BSP build complete]
Info: Compiling .metadata/.plugins/org.eclipse.cdt.make.core/specs.cpp to obj/.metadata/.plugins/org.eclipse.cdt.make.core/specs.o
nios2-elf-gcc -xc++ -MP -MMD -c -I../aca_hello_bsp//HAL/inc -I../aca_hello_bsp/ -I../aca_hello_bsp//drivers/inc  -DSYSTEM_BUS_WIDTH=32 -pipe -D__hal__ -DALT_NO_C_PLUS_PLUS -DALT_NO_INSTRUCTION_EMULATION -DALT_USE_SMALL_DRIVERS -DSMALL_C_LIB -DALT_SINGLE_THREADED      -O0 -g -Wall   -EL -mno-hw-div -mhw-mul -mno-hw-mulx  -o obj/.metadata/.plugins/org.eclipse.cdt.make.core/specs.o .metadata/.plugins/org.eclipse.cdt.make.core/specs.cpp
Info: Linking aca_hello.elf
nios2-elf-g++  -T'../aca_hello_bsp//linker.x' -msys-crt0='../aca_hello_bsp//obj/HAL/src/crt0.o' -msys-lib=hal_bsp -L../aca_hello_bsp/  -msmallc  -Wl,-Map=aca_hello.map   -O0 -g -Wall   -EL -mno-hw-div -mhw-mul -mno-hw-mulx  -o aca_hello.elf obj/.metadata/.plugins/org.eclipse.cdt.make.core/specs.o obj/hello.o obj/.metadata/.plugins/org.eclipse.cdt.make.core/specs.o -lm 
nios2-elf-insert aca_hello.elf --thread_model hal --cpu_name cpu_0 --simulation_enabled false --id 0 --sidp 0x9038 --timestamp 1336390165 --stderr_dev jtag_uart_0 --stdin_dev jtag_uart_0 --stdout_dev jtag_uart_0 --sopc_system_name nios_sys --jdi C:/Users/Giovanni/Desktop/fpga/aca_nios_intro/software/aca_hello_bsp/../../aca_nios_intro.jdi
Info: (aca_hello.elf) 10 KBytes program size (code + initialized data).
Info:                 4644 Bytes free for stack + heap.
Info: Creating aca_hello.objdump
nios2-elf-objdump --disassemble --syms --all-header aca_hello.elf >aca_hello.objdump
[aca_hello build complete]

**** Build Finished ****

**** Build of configuration Nios II for project prova ****

make all 
makefile:735: warning: overriding commands for target `obj/.metadata/.plugins/org.eclipse.cdt.make.core/specs.o'
makefile:732: warning: ignoring old commands for target `obj/.metadata/.plugins/org.eclipse.cdt.make.core/specs.o'
Info: Building ../aca_hello_bsp/
make --no-print-directory -C ../aca_hello_bsp/
[BSP build complete]
[aca_hello build complete]

**** Build Finished ****

**** Build of configuration Nios II for project prova ****

make all 
makefile:735: warning: overriding commands for target `obj/.metadata/.plugins/org.eclipse.cdt.make.core/specs.o'
makefile:732: warning: ignoring old commands for target `obj/.metadata/.plugins/org.eclipse.cdt.make.core/specs.o'
Info: Building ../aca_hello_bsp/
make --no-print-directory -C ../aca_hello_bsp/
[BSP build complete]
[aca_hello build complete]

**** Build Finished ****

**** Build of configuration Nios II for project prova ****

make all 
makefile:735: warning: overriding commands for target `obj/.metadata/.plugins/org.eclipse.cdt.make.core/specs.o'
makefile:732: warning: ignoring old commands for target `obj/.metadata/.plugins/org.eclipse.cdt.make.core/specs.o'
Info: Building ../aca_hello_bsp/
make --no-print-directory -C ../aca_hello_bsp/
[BSP build complete]
[aca_hello build complete]

**** Build Finished ****

**** Build of configuration Nios II for project prova ****

make all 
makefile:735: warning: overriding commands for target `obj/.metadata/.plugins/org.eclipse.cdt.make.core/specs.o'
makefile:732: warning: ignoring old commands for target `obj/.metadata/.plugins/org.eclipse.cdt.make.core/specs.o'
Info: Building ../aca_hello_bsp/
make --no-print-directory -C ../aca_hello_bsp/
[BSP build complete]
[aca_hello build complete]

**** Build Finished ****
